<?xml version="1.0" encoding="UTF-8"?>
<!-- Generated by org.testng.reporters.JUnitXMLReporter -->
<testsuite hostname="Bommel-PC" ignored="0" name="main.test.kmlGridCreator.utils" tests="14" failures="0" timestamp="03 Jun 2017 19:31:22 GMT" time="1.343" errors="0">
  <testcase name="getCornersNwNeSeSwWithEmptyList" time="0.04" classname="main.test.kmlGridCreator.utils.GeoUtilTest"/>
  <testcase name="getCornersNwNeSeSwWithNullValue" time="0.001" classname="main.test.kmlGridCreator.utils.GeoUtilTest"/>
  <testcase name="getCornersNwNeSeSwWithTestFile" time="0.014" classname="main.test.kmlGridCreator.utils.GeoUtilTest"/>
  <testcase name="testFirstNull" time="0.0" classname="main.test.kmlGridCreator.utils.MathUtilsTest"/>
  <testcase name="testNormalValues" time="0.0" classname="main.test.kmlGridCreator.utils.MathUtilsTest"/>
  <testcase name="testNullValues" time="0.001" classname="main.test.kmlGridCreator.utils.MathUtilsTest"/>
  <testcase name="testSecondNull" time="0.0" classname="main.test.kmlGridCreator.utils.MathUtilsTest"/>
  <testcase name="testSmallDifferencesValues" time="0.0" classname="main.test.kmlGridCreator.utils.MathUtilsTest"/>
  <testcase name="testAddPointsToKmlManyPoints" time="1.102" classname="main.test.kmlGridCreator.utils.MyKmlFactoryTest"/>
  <testcase name="testAddPointsToKmlNoPoints" time="0.152" classname="main.test.kmlGridCreator.utils.MyKmlFactoryTest"/>
  <testcase name="testAddPointsToKmlNullValue" time="0.0" classname="main.test.kmlGridCreator.utils.MyKmlFactoryTest"/>
  <testcase name="testgetPointsFromInvalidFile" time="0.001" classname="main.test.kmlGridCreator.utils.TxtUtilTest"/>
  <testcase name="testgetPointsFromTxtNullValue" time="0.0" classname="main.test.kmlGridCreator.utils.TxtUtilTest"/>
  <testcase name="testgetPointsFromValidFile" time="0.002" classname="main.test.kmlGridCreator.utils.TxtUtilTest"/>
</testsuite> <!-- main.test.kmlGridCreator.utils -->
