<?xml version="1.0" encoding="UTF-8"?>
<!-- Generated by org.testng.reporters.JUnitXMLReporter -->
<testsuite hostname="Bommel-PC" ignored="0" name="Default test" tests="16" failures="0" timestamp="04 Jun 2017 10:03:09 GMT" time="1.29" errors="0">
  <testcase name="getCornersNwNeSeSwWithEmptyList" time="0.04" classname="main.test.kmlGridCreator.utils.GeoUtilTest"/>
  <testcase name="getCornersNwNeSeSwWithNullValue" time="0.001" classname="main.test.kmlGridCreator.utils.GeoUtilTest"/>
  <testcase name="getCornersNwNeSeSwWithTestFile" time="0.015" classname="main.test.kmlGridCreator.utils.GeoUtilTest"/>
  <testcase name="testAddPointsToKmlManyPoints" time="1.002" classname="main.test.kmlGridCreator.utils.MyKmlFactoryTest"/>
  <testcase name="testAddPointsToKmlNoPoints" time="0.151" classname="main.test.kmlGridCreator.utils.MyKmlFactoryTest"/>
  <testcase name="testAddPointsToKmlNullValue" time="0.002" classname="main.test.kmlGridCreator.utils.MyKmlFactoryTest"/>
  <testcase name="testGetPointCountToBoundingAreaCountMap" time="0.033" classname="main.test.kmlGridCreator.utils.CSVCreatorTest"/>
  <testcase name="testGetPointCountToBoundingAreaCountMap" time="0.016" classname="main.test.kmlGridCreator.model.TestMyMap"/>
  <testcase name="testFirstNull" time="0.0" classname="main.test.kmlGridCreator.utils.MathUtilsTest"/>
  <testcase name="testNormalValues" time="0.001" classname="main.test.kmlGridCreator.utils.MathUtilsTest"/>
  <testcase name="testNullValues" time="0.0" classname="main.test.kmlGridCreator.utils.MathUtilsTest"/>
  <testcase name="testSecondNull" time="0.0" classname="main.test.kmlGridCreator.utils.MathUtilsTest"/>
  <testcase name="testSmallDifferencesValues" time="0.0" classname="main.test.kmlGridCreator.utils.MathUtilsTest"/>
  <testcase name="testgetPointsFromInvalidFile" time="0.001" classname="main.test.kmlGridCreator.utils.TxtUtilTest"/>
  <testcase name="testgetPointsFromTxtNullValue" time="0.0" classname="main.test.kmlGridCreator.utils.TxtUtilTest"/>
  <testcase name="testgetPointsFromValidFile" time="0.001" classname="main.test.kmlGridCreator.utils.TxtUtilTest"/>
</testsuite> <!-- Default test -->
