<?xml version="1.0" encoding="UTF-8"?>
<testng-results skipped="0" failed="0" ignored="0" total="1" passed="1">
  <reporter-output>
  </reporter-output>
  <suite name="Default suite" duration-ms="662" started-at="2017-10-13T13:07:40Z" finished-at="2017-10-13T13:07:41Z">
    <groups>
    </groups>
    <test name="Default test" duration-ms="662" started-at="2017-10-13T13:07:40Z" finished-at="2017-10-13T13:07:41Z">
      <class name="main.test.kmlGridCreator.model.TestMyMap">
        <test-method status="PASS" signature="testGetPointCountToBoundingAreaCountMap()[pri:0, instance:main.test.kmlGridCreator.model.TestMyMap@5dfcfece]" name="testGetPointCountToBoundingAreaCountMap" duration-ms="646" started-at="2017-10-13T15:07:40Z" finished-at="2017-10-13T15:07:41Z">
          <reporter-output>
          </reporter-output>
        </test-method> <!-- testGetPointCountToBoundingAreaCountMap -->
      </class> <!-- main.test.kmlGridCreator.model.TestMyMap -->
    </test> <!-- Default test -->
  </suite> <!-- Default suite -->
</testng-results>
